Information: Updating design information... (UID-85)
 
****************************************
Report : timing
        -path full
        -delay min
        -max_paths 1
Design : MyDesign
Version: P-2019.03-SP1
Date   : Sun Nov 14 18:33:41 2021
****************************************

Operating Conditions: fast   Library: NangateOpenCellLibrary_PDKv1_2_v2008_10_fast_nldm
Wire Load Model Mode: top

  Startpoint: dataBB_reg[0]
              (rising edge-triggered flip-flop clocked by clk)
  Endpoint: dataAA_reg[0]
            (rising edge-triggered flip-flop clocked by clk)
  Path Group: clk
  Path Type: min

  Point                                    Incr       Path
  -----------------------------------------------------------
  clock clk (rise edge)                  0.0000     0.0000
  clock network delay (ideal)            0.0000     0.0000
  dataBB_reg[0]/CK (DFF_X1)              0.0000     0.0000 r
  dataBB_reg[0]/Q (DFF_X1)               0.0567     0.0567 r
  dataAA_reg[0]/D (DFF_X1)               0.0000     0.0567 r
  data arrival time                                 0.0567

  clock clk (rise edge)                  0.0000     0.0000
  clock network delay (ideal)            0.0000     0.0000
  clock uncertainty                      0.0500     0.0500
  dataAA_reg[0]/CK (DFF_X1)              0.0000     0.0500 r
  library hold time                     -0.0159     0.0341
  data required time                                0.0341
  -----------------------------------------------------------
  data required time                                0.0341
  data arrival time                                -0.0567
  -----------------------------------------------------------
  slack (MET)                                       0.0226


1
